# JRE version: OpenJDK Runtime Environment (7.0_65-b32) (build 1.7.0_65-b32)
# Java VM: OpenJDK Server VM (24.65-b04 mixed mode linux-x86 )
Heap
 PSYoungGen      total 13568K, used 10796K [0xa1000000, 0xa2080000, 0xb32c0000)
  eden space 10240K, 76% used [0xa1000000,0xa179aff0,0xa1a00000)
  from space 3328K, 90% used [0xa1d40000,0xa2030010,0xa2080000)
  to   space 3328K, 0% used [0xa1a00000,0xa1a00000,0xa1d40000)
 ParOldGen       total 33536K, used 28991K [0x7cac0000, 0x7eb80000, 0xa1000000)
  object space 33536K, 86% used [0x7cac0000,0x7e70fc38,0x7eb80000)
 PSPermGen       total 32512K, used 14877K [0x74ac0000, 0x76a80000, 0x7cac0000)
  object space 32512K, 45% used [0x74ac0000,0x75947478,0x76a80000)
GC Heap History (10 events):
Event: 6415.597 GC heap before
{Heap before GC invocations=534 (full 2):
 PSYoungGen      total 13568K, used 13232K [0xa1000000, 0xa2080000, 0xb32c0000)
  eden space 10240K, 100% used [0xa1000000,0xa1a00000,0xa1a00000)
  from space 3328K, 89% used [0xa1a00000,0xa1cec020,0xa1d40000)
  to   space 3328K, 0% used [0xa1d40000,0xa1d40000,0xa2080000)
 ParOldGen       total 33536K, used 28661K [0x7cac0000, 0x7eb80000, 0xa1000000)
  object space 33536K, 85% used [0x7cac0000,0x7e6bd428,0x7eb80000)
 PSPermGen       total 32512K, used 14863K [0x74ac0000, 0x76a80000, 0x7cac0000)
  object space 32512K, 45% used [0x74ac0000,0x75943d10,0x76a80000)
Event: 6415.617 GC heap after
Heap after GC invocations=534 (full 2):
 PSYoungGen      total 13568K, used 3072K [0xa1000000, 0xa2080000, 0xb32c0000)
  eden space 10240K, 0% used [0xa1000000,0xa1000000,0xa1a00000)
  from space 3328K, 92% used [0xa1d40000,0xa2040030,0xa2080000)
  to   space 3328K, 0% used [0xa1a00000,0xa1a00000,0xa1d40000)
 ParOldGen       total 33536K, used 28681K [0x7cac0000, 0x7eb80000, 0xa1000000)
  object space 33536K, 85% used [0x7cac0000,0x7e6c2428,0x7eb80000)
 PSPermGen       total 32512K, used 14863K [0x74ac0000, 0x76a80000, 0x7cac0000)
  object space 32512K, 45% used [0x74ac0000,0x75943d10,0x76a80000)
}
Event: 6427.315 GC heap before
{Heap before GC invocations=535 (full 2):
 PSYoungGen      total 13568K, used 13312K [0xa1000000, 0xa2080000, 0xb32c0000)
  eden space 10240K, 100% used [0xa1000000,0xa1a00000,0xa1a00000)
  from space 3328K, 92% used [0xa1d40000,0xa2040030,0xa2080000)
  to   space 3328K, 0% used [0xa1a00000,0xa1a00000,0xa1d40000)
 ParOldGen       total 33536K, used 28681K [0x7cac0000, 0x7eb80000, 0xa1000000)
  object space 33536K, 85% used [0x7cac0000,0x7e6c2428,0x7eb80000)
 PSPermGen       total 32512K, used 14863K [0x74ac0000, 0x76a80000, 0x7cac0000)
  object space 32512K, 45% used [0x74ac0000,0x75943d10,0x76a80000)
Event: 6427.341 GC heap after
Heap after GC invocations=535 (full 2):
 PSYoungGen      total 13568K, used 3024K [0xa1000000, 0xa2080000, 0xb32c0000)
  eden space 10240K, 0% used [0xa1000000,0xa1000000,0xa1a00000)
  from space 3328K, 90% used [0xa1a00000,0xa1cf4030,0xa1d40000)
  to   space 3328K, 0% used [0xa1d40000,0xa1d40000,0xa2080000)
 ParOldGen       total 33536K, used 28809K [0x7cac0000, 0x7eb80000, 0xa1000000)
  object space 33536K, 85% used [0x7cac0000,0x7e6e2428,0x7eb80000)
 PSPermGen       total 32512K, used 14863K [0x74ac0000, 0x76a80000, 0x7cac0000)
  object space 32512K, 45% used [0x74ac0000,0x75943d10,0x76a80000)
}
Event: 6438.621 GC heap before
{Heap before GC invocations=536 (full 2):
 PSYoungGen      total 13568K, used 13262K [0xa1000000, 0xa2080000, 0xb32c0000)
  eden space 10240K, 99% used [0xa1000000,0xa19ffba0,0xa1a00000)
  from space 3328K, 90% used [0xa1a00000,0xa1cf4030,0xa1d40000)
  to   space 3328K, 0% used [0xa1d40000,0xa1d40000,0xa2080000)
 ParOldGen       total 33536K, used 28809K [0x7cac0000, 0x7eb80000, 0xa1000000)
  object space 33536K, 85% used [0x7cac0000,0x7e6e2428,0x7eb80000)
 PSPermGen       total 32512K, used 14863K [0x74ac0000, 0x76a80000, 0x7cac0000)
  object space 32512K, 45% used [0x74ac0000,0x75943d10,0x76a80000)
Event: 6438.638 GC heap after
Heap after GC invocations=536 (full 2):
 PSYoungGen      total 13568K, used 3040K [0xa1000000, 0xa2080000, 0xb32c0000)
  eden space 10240K, 0% used [0xa1000000,0xa1000000,0xa1a00000)
  from space 3328K, 91% used [0xa1d40000,0xa2038030,0xa2080000)
  to   space 3328K, 0% used [0xa1a00000,0xa1a00000,0xa1d40000)
 ParOldGen       total 33536K, used 28833K [0x7cac0000, 0x7eb80000, 0xa1000000)
  object space 33536K, 85% used [0x7cac0000,0x7e6e8428,0x7eb80000)
 PSPermGen       total 32512K, used 14863K [0x74ac0000, 0x76a80000, 0x7cac0000)
  object space 32512K, 45% used [0x74ac0000,0x75943d10,0x76a80000)
}
Event: 6449.981 GC heap before
{Heap before GC invocations=537 (full 2):
 PSYoungGen      total 13568K, used 13280K [0xa1000000, 0xa2080000, 0xb32c0000)
  eden space 10240K, 100% used [0xa1000000,0xa1a00000,0xa1a00000)
  from space 3328K, 91% used [0xa1d40000,0xa2038030,0xa2080000)
  to   space 3328K, 0% used [0xa1a00000,0xa1a00000,0xa1d40000)
 ParOldGen       total 33536K, used 28833K [0x7cac0000, 0x7eb80000, 0xa1000000)
  object space 33536K, 85% used [0x7cac0000,0x7e6e8428,0x7eb80000)
 PSPermGen       total 32512K, used 14863K [0x74ac0000, 0x76a80000, 0x7cac0000)
  object space 32512K, 45% used [0x74ac0000,0x75943d10,0x76a80000)
Event: 6449.999 GC heap after
Heap after GC invocations=537 (full 2):
 PSYoungGen      total 13568K, used 3056K [0xa1000000, 0xa2080000, 0xb32c0000)
  eden space 10240K, 0% used [0xa1000000,0xa1000000,0xa1a00000)
  from space 3328K, 91% used [0xa1a00000,0xa1cfc030,0xa1d40000)
  to   space 3328K, 0% used [0xa1d40000,0xa1d40000,0xa2080000)
 ParOldGen       total 33536K, used 28959K [0x7cac0000, 0x7eb80000, 0xa1000000)
  object space 33536K, 86% used [0x7cac0000,0x7e707c38,0x7eb80000)
 PSPermGen       total 32512K, used 14863K [0x74ac0000, 0x76a80000, 0x7cac0000)
  object space 32512K, 45% used [0x74ac0000,0x75943d10,0x76a80000)
}
Event: 6461.752 GC heap before
{Heap before GC invocations=538 (full 2):
 PSYoungGen      total 13568K, used 13296K [0xa1000000, 0xa2080000, 0xb32c0000)
  eden space 10240K, 100% used [0xa1000000,0xa1a00000,0xa1a00000)
  from space 3328K, 91% used [0xa1a00000,0xa1cfc030,0xa1d40000)
  to   space 3328K, 0% used [0xa1d40000,0xa1d40000,0xa2080000)
 ParOldGen       total 33536K, used 28959K [0x7cac0000, 0x7eb80000, 0xa1000000)
  object space 33536K, 86% used [0x7cac0000,0x7e707c38,0x7eb80000)
 PSPermGen       total 32512K, used 14863K [0x74ac0000, 0x76a80000, 0x7cac0000)
  object space 32512K, 45% used [0x74ac0000,0x75943d10,0x76a80000)
Event: 6461.776 GC heap after
Heap after GC invocations=538 (full 2):
 PSYoungGen      total 13568K, used 3008K [0xa1000000, 0xa2080000, 0xb32c0000)
  eden space 10240K, 0% used [0xa1000000,0xa1000000,0xa1a00000)
  from space 3328K, 90% used [0xa1d40000,0xa2030010,0xa2080000)
  to   space 3328K, 0% used [0xa1a00000,0xa1a00000,0xa1d40000)
 ParOldGen       total 33536K, used 28991K [0x7cac0000, 0x7eb80000, 0xa1000000)
  object space 33536K, 86% used [0x7cac0000,0x7e70fc38,0x7eb80000)
 PSPermGen       total 32512K, used 14863K [0x74ac0000, 0x76a80000, 0x7cac0000)
  object space 32512K, 45% used [0x74ac0000,0x75943d10,0x76a80000)
}

