# JRE version: OpenJDK Runtime Environment (7.0_65-b32) (build 1.7.0_65-b32)
# Java VM: OpenJDK Server VM (24.65-b04 mixed mode linux-x86 )
Heap
 PSYoungGen      total 18432K, used 12965K [0x9e900000, 0xa0200000, 0xb2fc0000)
  eden space 12288K, 76% used [0x9e900000,0x9f221490,0x9f500000)
  from space 6144K, 58% used [0x9fc00000,0x9ff880b0,0xa0200000)
  to   space 6656K, 0% used [0x9f500000,0x9f500000,0x9fb80000)
 ParOldGen       total 41728K, used 14234K [0x75bc0000, 0x78480000, 0x9e900000)
  object space 41728K, 34% used [0x75bc0000,0x769a6b20,0x78480000)
 PSPermGen       total 16384K, used 14192K [0x6dbc0000, 0x6ebc0000, 0x75bc0000)
  object space 16384K, 86% used [0x6dbc0000,0x6e99c390,0x6ebc0000)
GC Heap History (10 events):
Event: 362.706 GC heap before
{Heap before GC invocations=12 (full 0):
 PSYoungGen      total 17408K, used 17312K [0x9e900000, 0xa0440000, 0xb2fc0000)
  eden space 13568K, 100% used [0x9e900000,0x9f640000,0x9f640000)
  from space 3840K, 97% used [0x9f680000,0x9fa28040,0x9fa40000)
  to   space 7168K, 0% used [0x9fd40000,0x9fd40000,0xa0440000)
 ParOldGen       total 41728K, used 13550K [0x75bc0000, 0x78480000, 0x9e900000)
  object space 41728K, 32% used [0x75bc0000,0x768fbac0,0x78480000)
 PSPermGen       total 16384K, used 14175K [0x6dbc0000, 0x6ebc0000, 0x75bc0000)
  object space 16384K, 86% used [0x6dbc0000,0x6e997ea8,0x6ebc0000)
Event: 362.726 GC heap after
Heap after GC invocations=12 (full 0):
 PSYoungGen      total 20224K, used 3776K [0x9e900000, 0xa0400000, 0xb2fc0000)
  eden space 13312K, 0% used [0x9e900000,0x9e900000,0x9f600000)
  from space 6912K, 54% used [0x9fd40000,0xa00f0070,0xa0400000)
  to   space 7168K, 0% used [0x9f600000,0x9f600000,0x9fd00000)
 ParOldGen       total 41728K, used 13634K [0x75bc0000, 0x78480000, 0x9e900000)
  object space 41728K, 32% used [0x75bc0000,0x76910ac0,0x78480000)
 PSPermGen       total 16384K, used 14175K [0x6dbc0000, 0x6ebc0000, 0x75bc0000)
  object space 16384K, 86% used [0x6dbc0000,0x6e997ea8,0x6ebc0000)
}
Event: 398.468 GC heap before
{Heap before GC invocations=13 (full 0):
 PSYoungGen      total 20224K, used 17088K [0x9e900000, 0xa0400000, 0xb2fc0000)
  eden space 13312K, 100% used [0x9e900000,0x9f600000,0x9f600000)
  from space 6912K, 54% used [0x9fd40000,0xa00f0070,0xa0400000)
  to   space 7168K, 0% used [0x9f600000,0x9f600000,0x9fd00000)
 ParOldGen       total 41728K, used 13634K [0x75bc0000, 0x78480000, 0x9e900000)
  object space 41728K, 32% used [0x75bc0000,0x76910ac0,0x78480000)
 PSPermGen       total 16384K, used 14176K [0x6dbc0000, 0x6ebc0000, 0x75bc0000)
  object space 16384K, 86% used [0x6dbc0000,0x6e9982a0,0x6ebc0000)
Event: 398.486 GC heap after
Heap after GC invocations=13 (full 0):
 PSYoungGen      total 16896K, used 3680K [0x9e900000, 0xa0340000, 0xb2fc0000)
  eden space 13056K, 0% used [0x9e900000,0x9e900000,0x9f5c0000)
  from space 3840K, 95% used [0x9f600000,0x9f998070,0x9f9c0000)
  to   space 6912K, 0% used [0x9fc80000,0x9fc80000,0xa0340000)
 ParOldGen       total 41728K, used 13798K [0x75bc0000, 0x78480000, 0x9e900000)
  object space 41728K, 33% used [0x75bc0000,0x76939ae0,0x78480000)
 PSPermGen       total 16384K, used 14176K [0x6dbc0000, 0x6ebc0000, 0x75bc0000)
  object space 16384K, 86% used [0x6dbc0000,0x6e9982a0,0x6ebc0000)
}
Event: 439.165 GC heap before
{Heap before GC invocations=14 (full 0):
 PSYoungGen      total 16896K, used 16736K [0x9e900000, 0xa0340000, 0xb2fc0000)
  eden space 13056K, 100% used [0x9e900000,0x9f5c0000,0x9f5c0000)
  from space 3840K, 95% used [0x9f600000,0x9f998070,0x9f9c0000)
  to   space 6912K, 0% used [0x9fc80000,0x9fc80000,0xa0340000)
 ParOldGen       total 41728K, used 13798K [0x75bc0000, 0x78480000, 0x9e900000)
  object space 41728K, 33% used [0x75bc0000,0x76939ae0,0x78480000)
 PSPermGen       total 16384K, used 14181K [0x6dbc0000, 0x6ebc0000, 0x75bc0000)
  object space 16384K, 86% used [0x6dbc0000,0x6e9996b8,0x6ebc0000)
Event: 439.185 GC heap after
Heap after GC invocations=14 (full 0):
 PSYoungGen      total 19456K, used 3520K [0x9e900000, 0xa0300000, 0xb2fc0000)
  eden space 12800K, 0% used [0x9e900000,0x9e900000,0x9f580000)
  from space 6656K, 52% used [0x9fc80000,0x9fff0060,0xa0300000)
  to   space 6912K, 0% used [0x9f580000,0x9f580000,0x9fc40000)
 ParOldGen       total 41728K, used 13974K [0x75bc0000, 0x78480000, 0x9e900000)
  object space 41728K, 33% used [0x75bc0000,0x76965b00,0x78480000)
 PSPermGen       total 16384K, used 14181K [0x6dbc0000, 0x6ebc0000, 0x75bc0000)
  object space 16384K, 86% used [0x6dbc0000,0x6e9996b8,0x6ebc0000)
}
Event: 474.874 GC heap before
{Heap before GC invocations=15 (full 0):
 PSYoungGen      total 19456K, used 16320K [0x9e900000, 0xa0300000, 0xb2fc0000)
  eden space 12800K, 100% used [0x9e900000,0x9f580000,0x9f580000)
  from space 6656K, 52% used [0x9fc80000,0x9fff0060,0xa0300000)
  to   space 6912K, 0% used [0x9f580000,0x9f580000,0x9fc40000)
 ParOldGen       total 41728K, used 13974K [0x75bc0000, 0x78480000, 0x9e900000)
  object space 41728K, 33% used [0x75bc0000,0x76965b00,0x78480000)
 PSPermGen       total 16384K, used 14185K [0x6dbc0000, 0x6ebc0000, 0x75bc0000)
  object space 16384K, 86% used [0x6dbc0000,0x6e99a630,0x6ebc0000)
Event: 474.888 GC heap after
Heap after GC invocations=15 (full 0):
 PSYoungGen      total 16128K, used 3568K [0x9e900000, 0xa02c0000, 0xb2fc0000)
  eden space 12544K, 0% used [0x9e900000,0x9e900000,0x9f540000)
  from space 3584K, 99% used [0x9f580000,0x9f8fc070,0x9f900000)
  to   space 6912K, 0% used [0x9fc00000,0x9fc00000,0xa02c0000)
 ParOldGen       total 41728K, used 14058K [0x75bc0000, 0x78480000, 0x9e900000)
  object space 41728K, 33% used [0x75bc0000,0x7697ab00,0x78480000)
 PSPermGen       total 16384K, used 14185K [0x6dbc0000, 0x6ebc0000, 0x75bc0000)
  object space 16384K, 86% used [0x6dbc0000,0x6e99a630,0x6ebc0000)
}
Event: 510.565 GC heap before
{Heap before GC invocations=16 (full 0):
 PSYoungGen      total 16128K, used 16112K [0x9e900000, 0xa02c0000, 0xb2fc0000)
  eden space 12544K, 100% used [0x9e900000,0x9f540000,0x9f540000)
  from space 3584K, 99% used [0x9f580000,0x9f8fc070,0x9f900000)
  to   space 6912K, 0% used [0x9fc00000,0x9fc00000,0xa02c0000)
 ParOldGen       total 41728K, used 14058K [0x75bc0000, 0x78480000, 0x9e900000)
  object space 41728K, 33% used [0x75bc0000,0x7697ab00,0x78480000)
 PSPermGen       total 16384K, used 14191K [0x6dbc0000, 0x6ebc0000, 0x75bc0000)
  object space 16384K, 86% used [0x6dbc0000,0x6e99bf48,0x6ebc0000)
Event: 510.583 GC heap after
Heap after GC invocations=16 (full 0):
 PSYoungGen      total 18432K, used 3616K [0x9e900000, 0xa0200000, 0xb2fc0000)
  eden space 12288K, 0% used [0x9e900000,0x9e900000,0x9f500000)
  from space 6144K, 58% used [0x9fc00000,0x9ff880b0,0xa0200000)
  to   space 6656K, 0% used [0x9f500000,0x9f500000,0x9fb80000)
 ParOldGen       total 41728K, used 14234K [0x75bc0000, 0x78480000, 0x9e900000)
  object space 41728K, 34% used [0x75bc0000,0x769a6b20,0x78480000)
 PSPermGen       total 16384K, used 14191K [0x6dbc0000, 0x6ebc0000, 0x75bc0000)
  object space 16384K, 86% used [0x6dbc0000,0x6e99bf48,0x6ebc0000)
}

