# JRE version: OpenJDK Runtime Environment (7.0_65-b32) (build 1.7.0_65-b32)
# Java VM: OpenJDK Server VM (24.65-b04 mixed mode linux-x86 )
Heap
 PSYoungGen      total 97536K, used 80607K [0xa1000000, 0xa8900000, 0xb32c0000)
  eden space 84224K, 95% used [0xa1000000,0xa5eb7c88,0xa6240000)
  from space 13312K, 0% used [0xa7380000,0xa7380000,0xa8080000)
  to   space 17664K, 0% used [0xa6240000,0xa6240000,0xa7380000)
 ParOldGen       total 50688K, used 25813K [0x7cac0000, 0x7fc40000, 0xa1000000)
  object space 50688K, 50% used [0x7cac0000,0x7e3f5480,0x7fc40000)
 PSPermGen       total 46592K, used 23234K [0x74ac0000, 0x77840000, 0x7cac0000)
  object space 46592K, 49% used [0x74ac0000,0x761708c0,0x77840000)
GC Heap History (10 events):
Event: 30.039 GC heap before
{Heap before GC invocations=7 (full 0):
 PSYoungGen      total 34560K, used 32414K [0xa1000000, 0xa3800000, 0xb32c0000)
  eden space 28160K, 100% used [0xa1000000,0xa2b80000,0xa2b80000)
  from space 6400K, 66% used [0xa31c0000,0xa35e7a60,0xa3800000)
  to   space 6400K, 0% used [0xa2b80000,0xa2b80000,0xa31c0000)
 ParOldGen       total 37120K, used 12868K [0x7cac0000, 0x7ef00000, 0xa1000000)
  object space 37120K, 34% used [0x7cac0000,0x7d7512e0,0x7ef00000)
 PSPermGen       total 20480K, used 20333K [0x74ac0000, 0x75ec0000, 0x7cac0000)
  object space 20480K, 99% used [0x74ac0000,0x75e9b6a8,0x75ec0000)
Event: 30.067 GC heap after
Heap after GC invocations=7 (full 0):
 PSYoungGen      total 34560K, used 5893K [0xa1000000, 0xa5400000, 0xb32c0000)
  eden space 28160K, 0% used [0xa1000000,0xa1000000,0xa2b80000)
  from space 6400K, 92% used [0xa2b80000,0xa31414c0,0xa31c0000)
  to   space 6656K, 0% used [0xa4d80000,0xa4d80000,0xa5400000)
 ParOldGen       total 37120K, used 14293K [0x7cac0000, 0x7ef00000, 0xa1000000)
  object space 37120K, 38% used [0x7cac0000,0x7d8b5458,0x7ef00000)
 PSPermGen       total 20480K, used 20333K [0x74ac0000, 0x75ec0000, 0x7cac0000)
  object space 20480K, 99% used [0x74ac0000,0x75e9b6a8,0x75ec0000)
}
Event: 32.887 GC heap before
{Heap before GC invocations=8 (full 0):
 PSYoungGen      total 34560K, used 34053K [0xa1000000, 0xa5400000, 0xb32c0000)
  eden space 28160K, 100% used [0xa1000000,0xa2b80000,0xa2b80000)
  from space 6400K, 92% used [0xa2b80000,0xa31414c0,0xa31c0000)
  to   space 6656K, 0% used [0xa4d80000,0xa4d80000,0xa5400000)
 ParOldGen       total 37120K, used 14293K [0x7cac0000, 0x7ef00000, 0xa1000000)
  object space 37120K, 38% used [0x7cac0000,0x7d8b5458,0x7ef00000)
 PSPermGen       total 23296K, used 23055K [0x74ac0000, 0x76180000, 0x7cac0000)
  object space 23296K, 98% used [0x74ac0000,0x76143e78,0x76180000)
Event: 32.925 GC heap after
Heap after GC invocations=8 (full 0):
 PSYoungGen      total 61952K, used 6644K [0xa1000000, 0xa5600000, 0xb32c0000)
  eden space 55296K, 0% used [0xa1000000,0xa1000000,0xa4600000)
  from space 6656K, 99% used [0xa4d80000,0xa53fd268,0xa5400000)
  to   space 7680K, 0% used [0xa4600000,0xa4600000,0xa4d80000)
 ParOldGen       total 37120K, used 14963K [0x7cac0000, 0x7ef00000, 0xa1000000)
  object space 37120K, 40% used [0x7cac0000,0x7d95ce30,0x7ef00000)
 PSPermGen       total 23296K, used 23055K [0x74ac0000, 0x76180000, 0x7cac0000)
  object space 23296K, 98% used [0x74ac0000,0x76143e78,0x76180000)
}
Event: 138.856 GC heap before
{Heap before GC invocations=9 (full 0):
 PSYoungGen      total 61952K, used 61940K [0xa1000000, 0xa5600000, 0xb32c0000)
  eden space 55296K, 100% used [0xa1000000,0xa4600000,0xa4600000)
  from space 6656K, 99% used [0xa4d80000,0xa53fd268,0xa5400000)
  to   space 7680K, 0% used [0xa4600000,0xa4600000,0xa4d80000)
 ParOldGen       total 37120K, used 14963K [0x7cac0000, 0x7ef00000, 0xa1000000)
  object space 37120K, 40% used [0x7cac0000,0x7d95ce30,0x7ef00000)
 PSPermGen       total 23296K, used 23191K [0x74ac0000, 0x76180000, 0x7cac0000)
  object space 23296K, 99% used [0x74ac0000,0x76165ce0,0x76180000)
Event: 138.978 GC heap after
Heap after GC invocations=9 (full 0):
 PSYoungGen      total 62976K, used 7669K [0xa1000000, 0xa8080000, 0xb32c0000)
  eden space 55296K, 0% used [0xa1000000,0xa1000000,0xa4600000)
  from space 7680K, 99% used [0xa4600000,0xa4d7d410,0xa4d80000)
  to   space 13312K, 0% used [0xa7380000,0xa7380000,0xa8080000)
 ParOldGen       total 37120K, used 27427K [0x7cac0000, 0x7ef00000, 0xa1000000)
  object space 37120K, 73% used [0x7cac0000,0x7e588d60,0x7ef00000)
 PSPermGen       total 23296K, used 23191K [0x74ac0000, 0x76180000, 0x7cac0000)
  object space 23296K, 99% used [0x74ac0000,0x76165ce0,0x76180000)
}
Event: 250.377 GC heap before
{Heap before GC invocations=10 (full 0):
 PSYoungGen      total 62976K, used 62965K [0xa1000000, 0xa8080000, 0xb32c0000)
  eden space 55296K, 100% used [0xa1000000,0xa4600000,0xa4600000)
  from space 7680K, 99% used [0xa4600000,0xa4d7d410,0xa4d80000)
  to   space 13312K, 0% used [0xa7380000,0xa7380000,0xa8080000)
 ParOldGen       total 37120K, used 27427K [0x7cac0000, 0x7ef00000, 0xa1000000)
  object space 37120K, 73% used [0x7cac0000,0x7e588d60,0x7ef00000)
 PSPermGen       total 23296K, used 23223K [0x74ac0000, 0x76180000, 0x7cac0000)
  object space 23296K, 99% used [0x74ac0000,0x7616de58,0x76180000)
Event: 250.495 GC heap after
Heap after GC invocations=10 (full 0):
 PSYoungGen      total 97536K, used 13312K [0xa1000000, 0xa8900000, 0xb32c0000)
  eden space 84224K, 0% used [0xa1000000,0xa1000000,0xa6240000)
  from space 13312K, 100% used [0xa7380000,0xa8080000,0xa8080000)
  to   space 17664K, 0% used [0xa6240000,0xa6240000,0xa7380000)
 ParOldGen       total 37120K, used 34240K [0x7cac0000, 0x7ef00000, 0xa1000000)
  object space 37120K, 92% used [0x7cac0000,0x7ec30128,0x7ef00000)
 PSPermGen       total 23296K, used 23223K [0x74ac0000, 0x76180000, 0x7cac0000)
  object space 23296K, 99% used [0x74ac0000,0x7616de58,0x76180000)
}
Event: 250.495 GC heap before
{Heap before GC invocations=11 (full 1):
 PSYoungGen      total 97536K, used 13312K [0xa1000000, 0xa8900000, 0xb32c0000)
  eden space 84224K, 0% used [0xa1000000,0xa1000000,0xa6240000)
  from space 13312K, 100% used [0xa7380000,0xa8080000,0xa8080000)
  to   space 17664K, 0% used [0xa6240000,0xa6240000,0xa7380000)
 ParOldGen       total 37120K, used 34240K [0x7cac0000, 0x7ef00000, 0xa1000000)
  object space 37120K, 92% used [0x7cac0000,0x7ec30128,0x7ef00000)
 PSPermGen       total 23296K, used 23223K [0x74ac0000, 0x76180000, 0x7cac0000)
  object space 23296K, 99% used [0x74ac0000,0x7616de58,0x76180000)
Event: 250.914 GC heap after
Heap after GC invocations=11 (full 1):
 PSYoungGen      total 97536K, used 0K [0xa1000000, 0xa8900000, 0xb32c0000)
  eden space 84224K, 0% used [0xa1000000,0xa1000000,0xa6240000)
  from space 13312K, 0% used [0xa7380000,0xa7380000,0xa8080000)
  to   space 17664K, 0% used [0xa6240000,0xa6240000,0xa7380000)
 ParOldGen       total 50688K, used 25813K [0x7cac0000, 0x7fc40000, 0xa1000000)
  object space 50688K, 50% used [0x7cac0000,0x7e3f5480,0x7fc40000)
 PSPermGen       total 46592K, used 23204K [0x74ac0000, 0x77840000, 0x7cac0000)
  object space 46592K, 49% used [0x74ac0000,0x76169308,0x77840000)
}

