# JRE version: OpenJDK Runtime Environment (7.0_65-b32) (build 1.7.0_65-b32)
# Java VM: OpenJDK Server VM (24.65-b04 mixed mode linux-x86 )
Heap
 PSYoungGen      total 16384K, used 12291K [0xa0c40000, 0xa1e80000, 0xb2f00000)
  eden space 14080K, 70% used [0xa0c40000,0xa16015d0,0xa1a00000)
  from space 2304K, 99% used [0xa1c40000,0xa1e7f758,0xa1e80000)
  to   space 2304K, 0% used [0xa1a00000,0xa1a00000,0xa1c40000)
 ParOldGen       total 37120K, used 5340K [0x7c700000, 0x7eb40000, 0xa0c40000)
  object space 37120K, 14% used [0x7c700000,0x7cc37290,0x7eb40000)
 PSPermGen       total 16384K, used 14126K [0x74700000, 0x75700000, 0x7c700000)
  object space 16384K, 86% used [0x74700000,0x754cb978,0x75700000)
GC Heap History (8 events):
Event: 4.379 GC heap before
{Heap before GC invocations=1 (full 0):
 PSYoungGen      total 16384K, used 14080K [0xa0c40000, 0xa1e80000, 0xb2f00000)
  eden space 14080K, 100% used [0xa0c40000,0xa1a00000,0xa1a00000)
  from space 2304K, 0% used [0xa1c40000,0xa1c40000,0xa1e80000)
  to   space 2304K, 0% used [0xa1a00000,0xa1a00000,0xa1c40000)
 ParOldGen       total 37120K, used 0K [0x7c700000, 0x7eb40000, 0xa0c40000)
  object space 37120K, 0% used [0x7c700000,0x7c700000,0x7eb40000)
 PSPermGen       total 16384K, used 8796K [0x74700000, 0x75700000, 0x7c700000)
  object space 16384K, 53% used [0x74700000,0x74f97228,0x75700000)
Event: 4.393 GC heap after
Heap after GC invocations=1 (full 0):
 PSYoungGen      total 16384K, used 2301K [0xa0c40000, 0xa1e80000, 0xb2f00000)
  eden space 14080K, 0% used [0xa0c40000,0xa0c40000,0xa1a00000)
  from space 2304K, 99% used [0xa1a00000,0xa1c3f7b0,0xa1c40000)
  to   space 2304K, 0% used [0xa1c40000,0xa1c40000,0xa1e80000)
 ParOldGen       total 37120K, used 438K [0x7c700000, 0x7eb40000, 0xa0c40000)
  object space 37120K, 1% used [0x7c700000,0x7c76d9d8,0x7eb40000)
 PSPermGen       total 16384K, used 8796K [0x74700000, 0x75700000, 0x7c700000)
  object space 16384K, 53% used [0x74700000,0x74f97228,0x75700000)
}
Event: 12.138 GC heap before
{Heap before GC invocations=2 (full 0):
 PSYoungGen      total 16384K, used 16381K [0xa0c40000, 0xa1e80000, 0xb2f00000)
  eden space 14080K, 100% used [0xa0c40000,0xa1a00000,0xa1a00000)
  from space 2304K, 99% used [0xa1a00000,0xa1c3f7b0,0xa1c40000)
  to   space 2304K, 0% used [0xa1c40000,0xa1c40000,0xa1e80000)
 ParOldGen       total 37120K, used 438K [0x7c700000, 0x7eb40000, 0xa0c40000)
  object space 37120K, 1% used [0x7c700000,0x7c76d9d8,0x7eb40000)
 PSPermGen       total 16384K, used 10874K [0x74700000, 0x75700000, 0x7c700000)
  object space 16384K, 66% used [0x74700000,0x7519eaf8,0x75700000)
Event: 12.162 GC heap after
Heap after GC invocations=2 (full 0):
 PSYoungGen      total 16384K, used 2299K [0xa0c40000, 0xa1e80000, 0xb2f00000)
  eden space 14080K, 0% used [0xa0c40000,0xa0c40000,0xa1a00000)
  from space 2304K, 99% used [0xa1c40000,0xa1e7ede0,0xa1e80000)
  to   space 2304K, 0% used [0xa1a00000,0xa1a00000,0xa1c40000)
 ParOldGen       total 37120K, used 2817K [0x7c700000, 0x7eb40000, 0xa0c40000)
  object space 37120K, 7% used [0x7c700000,0x7c9c05a8,0x7eb40000)
 PSPermGen       total 16384K, used 10874K [0x74700000, 0x75700000, 0x7c700000)
  object space 16384K, 66% used [0x74700000,0x7519eaf8,0x75700000)
}
Event: 33.898 GC heap before
{Heap before GC invocations=3 (full 0):
 PSYoungGen      total 16384K, used 16379K [0xa0c40000, 0xa1e80000, 0xb2f00000)
  eden space 14080K, 100% used [0xa0c40000,0xa1a00000,0xa1a00000)
  from space 2304K, 99% used [0xa1c40000,0xa1e7ede0,0xa1e80000)
  to   space 2304K, 0% used [0xa1a00000,0xa1a00000,0xa1c40000)
 ParOldGen       total 37120K, used 2817K [0x7c700000, 0x7eb40000, 0xa0c40000)
  object space 37120K, 7% used [0x7c700000,0x7c9c05a8,0x7eb40000)
 PSPermGen       total 16384K, used 12580K [0x74700000, 0x75700000, 0x7c700000)
  object space 16384K, 76% used [0x74700000,0x75349270,0x75700000)
Event: 33.921 GC heap after
Heap after GC invocations=3 (full 0):
 PSYoungGen      total 16384K, used 2292K [0xa0c40000, 0xa1e80000, 0xb2f00000)
  eden space 14080K, 0% used [0xa0c40000,0xa0c40000,0xa1a00000)
  from space 2304K, 99% used [0xa1a00000,0xa1c3d2a8,0xa1c40000)
  to   space 2304K, 0% used [0xa1c40000,0xa1c40000,0xa1e80000)
 ParOldGen       total 37120K, used 4583K [0x7c700000, 0x7eb40000, 0xa0c40000)
  object space 37120K, 12% used [0x7c700000,0x7cb79c18,0x7eb40000)
 PSPermGen       total 16384K, used 12580K [0x74700000, 0x75700000, 0x7c700000)
  object space 16384K, 76% used [0x74700000,0x75349270,0x75700000)
}
Event: 45.704 GC heap before
{Heap before GC invocations=4 (full 0):
 PSYoungGen      total 16384K, used 16372K [0xa0c40000, 0xa1e80000, 0xb2f00000)
  eden space 14080K, 100% used [0xa0c40000,0xa1a00000,0xa1a00000)
  from space 2304K, 99% used [0xa1a00000,0xa1c3d2a8,0xa1c40000)
  to   space 2304K, 0% used [0xa1c40000,0xa1c40000,0xa1e80000)
 ParOldGen       total 37120K, used 4583K [0x7c700000, 0x7eb40000, 0xa0c40000)
  object space 37120K, 12% used [0x7c700000,0x7cb79c18,0x7eb40000)
 PSPermGen       total 16384K, used 13273K [0x74700000, 0x75700000, 0x7c700000)
  object space 16384K, 81% used [0x74700000,0x753f6508,0x75700000)
Event: 45.720 GC heap after
Heap after GC invocations=4 (full 0):
 PSYoungGen      total 16384K, used 2301K [0xa0c40000, 0xa1e80000, 0xb2f00000)
  eden space 14080K, 0% used [0xa0c40000,0xa0c40000,0xa1a00000)
  from space 2304K, 99% used [0xa1c40000,0xa1e7f758,0xa1e80000)
  to   space 2304K, 0% used [0xa1a00000,0xa1a00000,0xa1c40000)
 ParOldGen       total 37120K, used 5340K [0x7c700000, 0x7eb40000, 0xa0c40000)
  object space 37120K, 14% used [0x7c700000,0x7cc37290,0x7eb40000)
 PSPermGen       total 16384K, used 13273K [0x74700000, 0x75700000, 0x7c700000)
  object space 16384K, 81% used [0x74700000,0x753f6508,0x75700000)
}

