# JRE version: OpenJDK Runtime Environment (7.0_65-b32) (build 1.7.0_65-b32)
# Java VM: OpenJDK Server VM (24.65-b04 mixed mode linux-x86 )
Heap
 PSYoungGen      total 12288K, used 2916K [0xa1080000, 0xa34c0000, 0xb3340000)
  eden space 12032K, 24% used [0xa1080000,0xa13551b8,0xa1c40000)
  from space 256K, 6% used [0xa3440000,0xa3444000,0xa3480000)
  to   space 256K, 0% used [0xa3480000,0xa3480000,0xa34c0000)
 ParOldGen       total 69376K, used 54572K [0x7cb40000, 0x80f00000, 0xa1080000)
  object space 69376K, 78% used [0x7cb40000,0x8008b368,0x80f00000)
 PSPermGen       total 52480K, used 24097K [0x74b40000, 0x77e80000, 0x7cb40000)
  object space 52480K, 45% used [0x74b40000,0x762c8510,0x77e80000)
GC Heap History (10 events):
Event: 7411.390 GC heap before
{Heap before GC invocations=7797 (full 2):
 PSYoungGen      total 12288K, used 12064K [0xa1080000, 0xa34c0000, 0xb3340000)
  eden space 12032K, 100% used [0xa1080000,0xa1c40000,0xa1c40000)
  from space 256K, 12% used [0xa3480000,0xa3488000,0xa34c0000)
  to   space 256K, 0% used [0xa3440000,0xa3440000,0xa3480000)
 ParOldGen       total 69376K, used 54568K [0x7cb40000, 0x80f00000, 0xa1080000)
  object space 69376K, 78% used [0x7cb40000,0x8008a368,0x80f00000)
 PSPermGen       total 52480K, used 24097K [0x74b40000, 0x77e80000, 0x7cb40000)
  object space 52480K, 45% used [0x74b40000,0x762c8510,0x77e80000)
Event: 7411.393 GC heap after
Heap after GC invocations=7797 (full 2):
 PSYoungGen      total 12288K, used 32K [0xa1080000, 0xa34c0000, 0xb3340000)
  eden space 12032K, 0% used [0xa1080000,0xa1080000,0xa1c40000)
  from space 256K, 12% used [0xa3440000,0xa3448000,0xa3480000)
  to   space 256K, 0% used [0xa3480000,0xa3480000,0xa34c0000)
 ParOldGen       total 69376K, used 54568K [0x7cb40000, 0x80f00000, 0xa1080000)
  object space 69376K, 78% used [0x7cb40000,0x8008a368,0x80f00000)
 PSPermGen       total 52480K, used 24097K [0x74b40000, 0x77e80000, 0x7cb40000)
  object space 52480K, 45% used [0x74b40000,0x762c8510,0x77e80000)
}
Event: 7412.087 GC heap before
{Heap before GC invocations=7798 (full 2):
 PSYoungGen      total 12288K, used 12064K [0xa1080000, 0xa34c0000, 0xb3340000)
  eden space 12032K, 100% used [0xa1080000,0xa1c40000,0xa1c40000)
  from space 256K, 12% used [0xa3440000,0xa3448000,0xa3480000)
  to   space 256K, 0% used [0xa3480000,0xa3480000,0xa34c0000)
 ParOldGen       total 69376K, used 54568K [0x7cb40000, 0x80f00000, 0xa1080000)
  object space 69376K, 78% used [0x7cb40000,0x8008a368,0x80f00000)
 PSPermGen       total 52480K, used 24097K [0x74b40000, 0x77e80000, 0x7cb40000)
  object space 52480K, 45% used [0x74b40000,0x762c8510,0x77e80000)
Event: 7412.090 GC heap after
Heap after GC invocations=7798 (full 2):
 PSYoungGen      total 12288K, used 32K [0xa1080000, 0xa34c0000, 0xb3340000)
  eden space 12032K, 0% used [0xa1080000,0xa1080000,0xa1c40000)
  from space 256K, 12% used [0xa3480000,0xa3488000,0xa34c0000)
  to   space 256K, 0% used [0xa3440000,0xa3440000,0xa3480000)
 ParOldGen       total 69376K, used 54568K [0x7cb40000, 0x80f00000, 0xa1080000)
  object space 69376K, 78% used [0x7cb40000,0x8008a368,0x80f00000)
 PSPermGen       total 52480K, used 24097K [0x74b40000, 0x77e80000, 0x7cb40000)
  object space 52480K, 45% used [0x74b40000,0x762c8510,0x77e80000)
}
Event: 7412.761 GC heap before
{Heap before GC invocations=7799 (full 2):
 PSYoungGen      total 12288K, used 12064K [0xa1080000, 0xa34c0000, 0xb3340000)
  eden space 12032K, 100% used [0xa1080000,0xa1c40000,0xa1c40000)
  from space 256K, 12% used [0xa3480000,0xa3488000,0xa34c0000)
  to   space 256K, 0% used [0xa3440000,0xa3440000,0xa3480000)
 ParOldGen       total 69376K, used 54568K [0x7cb40000, 0x80f00000, 0xa1080000)
  object space 69376K, 78% used [0x7cb40000,0x8008a368,0x80f00000)
 PSPermGen       total 52480K, used 24097K [0x74b40000, 0x77e80000, 0x7cb40000)
  object space 52480K, 45% used [0x74b40000,0x762c8510,0x77e80000)
Event: 7412.765 GC heap after
Heap after GC invocations=7799 (full 2):
 PSYoungGen      total 12288K, used 112K [0xa1080000, 0xa34c0000, 0xb3340000)
  eden space 12032K, 0% used [0xa1080000,0xa1080000,0xa1c40000)
  from space 256K, 43% used [0xa3440000,0xa345c000,0xa3480000)
  to   space 256K, 0% used [0xa3480000,0xa3480000,0xa34c0000)
 ParOldGen       total 69376K, used 54568K [0x7cb40000, 0x80f00000, 0xa1080000)
  object space 69376K, 78% used [0x7cb40000,0x8008a368,0x80f00000)
 PSPermGen       total 52480K, used 24097K [0x74b40000, 0x77e80000, 0x7cb40000)
  object space 52480K, 45% used [0x74b40000,0x762c8510,0x77e80000)
}
Event: 7413.444 GC heap before
{Heap before GC invocations=7800 (full 2):
 PSYoungGen      total 12288K, used 12144K [0xa1080000, 0xa34c0000, 0xb3340000)
  eden space 12032K, 100% used [0xa1080000,0xa1c40000,0xa1c40000)
  from space 256K, 43% used [0xa3440000,0xa345c000,0xa3480000)
  to   space 256K, 0% used [0xa3480000,0xa3480000,0xa34c0000)
 ParOldGen       total 69376K, used 54568K [0x7cb40000, 0x80f00000, 0xa1080000)
  object space 69376K, 78% used [0x7cb40000,0x8008a368,0x80f00000)
 PSPermGen       total 52480K, used 24097K [0x74b40000, 0x77e80000, 0x7cb40000)
  object space 52480K, 45% used [0x74b40000,0x762c8510,0x77e80000)
Event: 7413.449 GC heap after
Heap after GC invocations=7800 (full 2):
 PSYoungGen      total 12288K, used 16K [0xa1080000, 0xa34c0000, 0xb3340000)
  eden space 12032K, 0% used [0xa1080000,0xa1080000,0xa1c40000)
  from space 256K, 6% used [0xa3480000,0xa3484000,0xa34c0000)
  to   space 256K, 0% used [0xa3440000,0xa3440000,0xa3480000)
 ParOldGen       total 69376K, used 54572K [0x7cb40000, 0x80f00000, 0xa1080000)
  object space 69376K, 78% used [0x7cb40000,0x8008b368,0x80f00000)
 PSPermGen       total 52480K, used 24097K [0x74b40000, 0x77e80000, 0x7cb40000)
  object space 52480K, 45% used [0x74b40000,0x762c8510,0x77e80000)
}
Event: 7414.155 GC heap before
{Heap before GC invocations=7801 (full 2):
 PSYoungGen      total 12288K, used 12048K [0xa1080000, 0xa34c0000, 0xb3340000)
  eden space 12032K, 100% used [0xa1080000,0xa1c40000,0xa1c40000)
  from space 256K, 6% used [0xa3480000,0xa3484000,0xa34c0000)
  to   space 256K, 0% used [0xa3440000,0xa3440000,0xa3480000)
 ParOldGen       total 69376K, used 54572K [0x7cb40000, 0x80f00000, 0xa1080000)
  object space 69376K, 78% used [0x7cb40000,0x8008b368,0x80f00000)
 PSPermGen       total 52480K, used 24097K [0x74b40000, 0x77e80000, 0x7cb40000)
  object space 52480K, 45% used [0x74b40000,0x762c8510,0x77e80000)
Event: 7414.161 GC heap after
Heap after GC invocations=7801 (full 2):
 PSYoungGen      total 12288K, used 16K [0xa1080000, 0xa34c0000, 0xb3340000)
  eden space 12032K, 0% used [0xa1080000,0xa1080000,0xa1c40000)
  from space 256K, 6% used [0xa3440000,0xa3444000,0xa3480000)
  to   space 256K, 0% used [0xa3480000,0xa3480000,0xa34c0000)
 ParOldGen       total 69376K, used 54572K [0x7cb40000, 0x80f00000, 0xa1080000)
  object space 69376K, 78% used [0x7cb40000,0x8008b368,0x80f00000)
 PSPermGen       total 52480K, used 24097K [0x74b40000, 0x77e80000, 0x7cb40000)
  object space 52480K, 45% used [0x74b40000,0x762c8510,0x77e80000)
}

