# JRE version: OpenJDK Runtime Environment (7.0_65-b32) (build 1.7.0_65-b32)
# Java VM: OpenJDK Server VM (24.65-b04 mixed mode linux-x86 )
Heap
 PSYoungGen      total 35584K, used 10927K [0x9eb80000, 0xa2080000, 0xb3240000)
  eden space 27648K, 11% used [0x9eb80000,0x9ee9fc18,0xa0680000)
  from space 7936K, 97% used [0xa0740000,0xa0ecc080,0xa0f00000)
  to   space 13312K, 0% used [0xa1380000,0xa1380000,0xa2080000)
 ParOldGen       total 41728K, used 30081K [0x75e40000, 0x78700000, 0x9eb80000)
  object space 41728K, 72% used [0x75e40000,0x77ba0478,0x78700000)
 PSPermGen       total 16384K, used 13888K [0x6de40000, 0x6ee40000, 0x75e40000)
  object space 16384K, 84% used [0x6de40000,0x6ebd0008,0x6ee40000)
GC Heap History (10 events):
Event: 243.417 GC heap before
{Heap before GC invocations=5 (full 0):
 PSYoungGen      total 34304K, used 34295K [0x9eb80000, 0xa2e80000, 0xb3240000)
  eden space 31744K, 100% used [0x9eb80000,0xa0a80000,0xa0a80000)
  from space 2560K, 99% used [0xa2c00000,0xa2e7dc40,0xa2e80000)
  to   space 2560K, 0% used [0xa0a80000,0xa0a80000,0xa0d00000)
 ParOldGen       total 41728K, used 18840K [0x75e40000, 0x78700000, 0x9eb80000)
  object space 41728K, 45% used [0x75e40000,0x770a6230,0x78700000)
 PSPermGen       total 16384K, used 13837K [0x6de40000, 0x6ee40000, 0x75e40000)
  object space 16384K, 84% used [0x6de40000,0x6ebc3530,0x6ee40000)
Event: 243.463 GC heap after
Heap after GC invocations=5 (full 0):
 PSYoungGen      total 33280K, used 2550K [0x9eb80000, 0xa2c40000, 0xb3240000)
  eden space 30720K, 0% used [0x9eb80000,0x9eb80000,0xa0980000)
  from space 2560K, 99% used [0xa0a80000,0xa0cfd818,0xa0d00000)
  to   space 14336K, 0% used [0xa1e40000,0xa1e40000,0xa2c40000)
 ParOldGen       total 41728K, used 27450K [0x75e40000, 0x78700000, 0x9eb80000)
  object space 41728K, 65% used [0x75e40000,0x7790e870,0x78700000)
 PSPermGen       total 16384K, used 13837K [0x6de40000, 0x6ee40000, 0x75e40000)
  object space 16384K, 84% used [0x6de40000,0x6ebc3530,0x6ee40000)
}
Event: 335.011 GC heap before
{Heap before GC invocations=6 (full 0):
 PSYoungGen      total 33280K, used 33270K [0x9eb80000, 0xa2c40000, 0xb3240000)
  eden space 30720K, 100% used [0x9eb80000,0xa0980000,0xa0980000)
  from space 2560K, 99% used [0xa0a80000,0xa0cfd818,0xa0d00000)
  to   space 14336K, 0% used [0xa1e40000,0xa1e40000,0xa2c40000)
 ParOldGen       total 41728K, used 27450K [0x75e40000, 0x78700000, 0x9eb80000)
  object space 41728K, 65% used [0x75e40000,0x7790e870,0x78700000)
 PSPermGen       total 16384K, used 13843K [0x6de40000, 0x6ee40000, 0x75e40000)
  object space 16384K, 84% used [0x6de40000,0x6ebc4cf0,0x6ee40000)
Event: 335.064 GC heap after
Heap after GC invocations=6 (full 0):
 PSYoungGen      total 40960K, used 10759K [0x9eb80000, 0xa2900000, 0xb3240000)
  eden space 29952K, 0% used [0x9eb80000,0x9eb80000,0xa08c0000)
  from space 11008K, 97% used [0xa1e40000,0xa28c1d48,0xa2900000)
  to   space 14848K, 0% used [0xa0c00000,0xa0c00000,0xa1a80000)
 ParOldGen       total 41728K, used 27450K [0x75e40000, 0x78700000, 0x9eb80000)
  object space 41728K, 65% used [0x75e40000,0x7790e870,0x78700000)
 PSPermGen       total 16384K, used 13843K [0x6de40000, 0x6ee40000, 0x75e40000)
  object space 16384K, 84% used [0x6de40000,0x6ebc4cf0,0x6ee40000)
}
Event: 421.555 GC heap before
{Heap before GC invocations=7 (full 0):
 PSYoungGen      total 40960K, used 40711K [0x9eb80000, 0xa2900000, 0xb3240000)
  eden space 29952K, 100% used [0x9eb80000,0xa08c0000,0xa08c0000)
  from space 11008K, 97% used [0xa1e40000,0xa28c1d48,0xa2900000)
  to   space 14848K, 0% used [0xa0c00000,0xa0c00000,0xa1a80000)
 ParOldGen       total 41728K, used 27450K [0x75e40000, 0x78700000, 0x9eb80000)
  object space 41728K, 65% used [0x75e40000,0x7790e870,0x78700000)
 PSPermGen       total 16384K, used 13870K [0x6de40000, 0x6ee40000, 0x75e40000)
  object space 16384K, 84% used [0x6de40000,0x6ebcbb58,0x6ee40000)
Event: 421.606 GC heap after
Heap after GC invocations=7 (full 0):
 PSYoungGen      total 38144K, used 8912K [0x9eb80000, 0xa2400000, 0xb3240000)
  eden space 29184K, 0% used [0x9eb80000,0x9eb80000,0xa0800000)
  from space 8960K, 99% used [0xa0c00000,0xa14b4120,0xa14c0000)
  to   space 14336K, 0% used [0xa1600000,0xa1600000,0xa2400000)
 ParOldGen       total 41728K, used 29344K [0x75e40000, 0x78700000, 0x9eb80000)
  object space 41728K, 70% used [0x75e40000,0x77ae83c8,0x78700000)
 PSPermGen       total 16384K, used 13870K [0x6de40000, 0x6ee40000, 0x75e40000)
  object space 16384K, 84% used [0x6de40000,0x6ebcbb58,0x6ee40000)
}
Event: 504.283 GC heap before
{Heap before GC invocations=8 (full 0):
 PSYoungGen      total 38144K, used 38096K [0x9eb80000, 0xa2400000, 0xb3240000)
  eden space 29184K, 100% used [0x9eb80000,0xa0800000,0xa0800000)
  from space 8960K, 99% used [0xa0c00000,0xa14b4120,0xa14c0000)
  to   space 14336K, 0% used [0xa1600000,0xa1600000,0xa2400000)
 ParOldGen       total 41728K, used 29344K [0x75e40000, 0x78700000, 0x9eb80000)
  object space 41728K, 70% used [0x75e40000,0x77ae83c8,0x78700000)
 PSPermGen       total 16384K, used 13882K [0x6de40000, 0x6ee40000, 0x75e40000)
  object space 16384K, 84% used [0x6de40000,0x6ebce8b8,0x6ee40000)
Event: 504.327 GC heap after
Heap after GC invocations=8 (full 0):
 PSYoungGen      total 40448K, used 7952K [0x9eb80000, 0xa21c0000, 0xb3240000)
  eden space 28416K, 0% used [0x9eb80000,0x9eb80000,0xa0740000)
  from space 12032K, 66% used [0xa1600000,0xa1dc4000,0xa21c0000)
  to   space 13568K, 0% used [0xa0740000,0xa0740000,0xa1480000)
 ParOldGen       total 41728K, used 30019K [0x75e40000, 0x78700000, 0x9eb80000)
  object space 41728K, 71% used [0x75e40000,0x77b90c68,0x78700000)
 PSPermGen       total 16384K, used 13882K [0x6de40000, 0x6ee40000, 0x75e40000)
  object space 16384K, 84% used [0x6de40000,0x6ebce8b8,0x6ee40000)
}
Event: 589.506 GC heap before
{Heap before GC invocations=9 (full 0):
 PSYoungGen      total 40448K, used 36368K [0x9eb80000, 0xa21c0000, 0xb3240000)
  eden space 28416K, 100% used [0x9eb80000,0xa0740000,0xa0740000)
  from space 12032K, 66% used [0xa1600000,0xa1dc4000,0xa21c0000)
  to   space 13568K, 0% used [0xa0740000,0xa0740000,0xa1480000)
 ParOldGen       total 41728K, used 30019K [0x75e40000, 0x78700000, 0x9eb80000)
  object space 41728K, 71% used [0x75e40000,0x77b90c68,0x78700000)
 PSPermGen       total 16384K, used 13887K [0x6de40000, 0x6ee40000, 0x75e40000)
  object space 16384K, 84% used [0x6de40000,0x6ebcfd10,0x6ee40000)
Event: 589.540 GC heap after
Heap after GC invocations=9 (full 0):
 PSYoungGen      total 35584K, used 7728K [0x9eb80000, 0xa2080000, 0xb3240000)
  eden space 27648K, 0% used [0x9eb80000,0x9eb80000,0xa0680000)
  from space 7936K, 97% used [0xa0740000,0xa0ecc080,0xa0f00000)
  to   space 13312K, 0% used [0xa1380000,0xa1380000,0xa2080000)
 ParOldGen       total 41728K, used 30081K [0x75e40000, 0x78700000, 0x9eb80000)
  object space 41728K, 72% used [0x75e40000,0x77ba0478,0x78700000)
 PSPermGen       total 16384K, used 13887K [0x6de40000, 0x6ee40000, 0x75e40000)
  object space 16384K, 84% used [0x6de40000,0x6ebcfd10,0x6ee40000)
}

