# JRE version: OpenJDK Runtime Environment (7.0_65-b32) (build 1.7.0_65-b32)
# Java VM: OpenJDK Server VM (24.65-b04 mixed mode linux-x86 )
Heap
 PSYoungGen      total 121600K, used 39298K [0xa0f80000, 0xa9e80000, 0xb3240000)
  eden space 106752K, 22% used [0xa0f80000,0xa2761a48,0xa77c0000)
  from space 14848K, 99% used [0xa8980000,0xa97fee90,0xa9800000)
  to   space 18176K, 0% used [0xa77c0000,0xa77c0000,0xa8980000)
 ParOldGen       total 37120K, used 25032K [0x7ca40000, 0x7ee80000, 0xa0f80000)
  object space 37120K, 67% used [0x7ca40000,0x7e2b2050,0x7ee80000)
 PSPermGen       total 16384K, used 15854K [0x74a40000, 0x75a40000, 0x7ca40000)
  object space 16384K, 96% used [0x74a40000,0x759bbbb8,0x75a40000)
GC Heap History (10 events):
Event: 12.238 GC heap before
{Heap before GC invocations=4 (full 0):
 PSYoungGen      total 16384K, used 16379K [0xa0f80000, 0xa2f80000, 0xb3240000)
  eden space 14080K, 100% used [0xa0f80000,0xa1d40000,0xa1d40000)
  from space 2304K, 99% used [0xa1d40000,0xa1f7edb0,0xa1f80000)
  to   space 2304K, 0% used [0xa2d40000,0xa2d40000,0xa2f80000)
 ParOldGen       total 37120K, used 6302K [0x7ca40000, 0x7ee80000, 0xa0f80000)
  object space 37120K, 16% used [0x7ca40000,0x7d067800,0x7ee80000)
 PSPermGen       total 16384K, used 14132K [0x74a40000, 0x75a40000, 0x7ca40000)
  object space 16384K, 86% used [0x74a40000,0x7580d150,0x75a40000)
Event: 12.270 GC heap after
Heap after GC invocations=4 (full 0):
 PSYoungGen      total 30464K, used 2290K [0xa0f80000, 0xa2f80000, 0xb3240000)
  eden space 28160K, 0% used [0xa0f80000,0xa0f80000,0xa2b00000)
  from space 2304K, 99% used [0xa2d40000,0xa2f7cbe0,0xa2f80000)
  to   space 2304K, 0% used [0xa2b00000,0xa2b00000,0xa2d40000)
 ParOldGen       total 37120K, used 9993K [0x7ca40000, 0x7ee80000, 0xa0f80000)
  object space 37120K, 26% used [0x7ca40000,0x7d402410,0x7ee80000)
 PSPermGen       total 16384K, used 14132K [0x74a40000, 0x75a40000, 0x7ca40000)
  object space 16384K, 86% used [0x74a40000,0x7580d150,0x75a40000)
}
Event: 13.730 GC heap before
{Heap before GC invocations=5 (full 0):
 PSYoungGen      total 30464K, used 30450K [0xa0f80000, 0xa2f80000, 0xb3240000)
  eden space 28160K, 100% used [0xa0f80000,0xa2b00000,0xa2b00000)
  from space 2304K, 99% used [0xa2d40000,0xa2f7cbe0,0xa2f80000)
  to   space 2304K, 0% used [0xa2b00000,0xa2b00000,0xa2d40000)
 ParOldGen       total 37120K, used 9993K [0x7ca40000, 0x7ee80000, 0xa0f80000)
  object space 37120K, 26% used [0x7ca40000,0x7d402410,0x7ee80000)
 PSPermGen       total 16384K, used 14190K [0x74a40000, 0x75a40000, 0x7ca40000)
  object space 16384K, 86% used [0x74a40000,0x7581b8c8,0x75a40000)
Event: 13.776 GC heap after
Heap after GC invocations=5 (full 0):
 PSYoungGen      total 30464K, used 2299K [0xa0f80000, 0xa5900000, 0xb3240000)
  eden space 28160K, 0% used [0xa0f80000,0xa0f80000,0xa2b00000)
  from space 2304K, 99% used [0xa2b00000,0xa2d3ee10,0xa2d40000)
  to   space 9472K, 0% used [0xa4fc0000,0xa4fc0000,0xa5900000)
 ParOldGen       total 37120K, used 17654K [0x7ca40000, 0x7ee80000, 0xa0f80000)
  object space 37120K, 47% used [0x7ca40000,0x7db7db08,0x7ee80000)
 PSPermGen       total 16384K, used 14190K [0x74a40000, 0x75a40000, 0x7ca40000)
  object space 16384K, 86% used [0x74a40000,0x7581b8c8,0x75a40000)
}
Event: 16.848 GC heap before
{Heap before GC invocations=6 (full 0):
 PSYoungGen      total 30464K, used 30459K [0xa0f80000, 0xa5900000, 0xb3240000)
  eden space 28160K, 100% used [0xa0f80000,0xa2b00000,0xa2b00000)
  from space 2304K, 99% used [0xa2b00000,0xa2d3ee10,0xa2d40000)
  to   space 9472K, 0% used [0xa4fc0000,0xa4fc0000,0xa5900000)
 ParOldGen       total 37120K, used 17654K [0x7ca40000, 0x7ee80000, 0xa0f80000)
  object space 37120K, 47% used [0x7ca40000,0x7db7db08,0x7ee80000)
 PSPermGen       total 16384K, used 15518K [0x74a40000, 0x75a40000, 0x7ca40000)
  object space 16384K, 94% used [0x74a40000,0x75967b30,0x75a40000)
Event: 16.906 GC heap after
Heap after GC invocations=6 (full 0):
 PSYoungGen      total 64512K, used 8969K [0xa0f80000, 0xa5b80000, 0xb3240000)
  eden space 55040K, 0% used [0xa0f80000,0xa0f80000,0xa4540000)
  from space 9472K, 94% used [0xa4fc0000,0xa5882588,0xa5900000)
  to   space 10752K, 0% used [0xa4540000,0xa4540000,0xa4fc0000)
 ParOldGen       total 37120K, used 17654K [0x7ca40000, 0x7ee80000, 0xa0f80000)
  object space 37120K, 47% used [0x7ca40000,0x7db7db08,0x7ee80000)
 PSPermGen       total 16384K, used 15518K [0x74a40000, 0x75a40000, 0x7ca40000)
  object space 16384K, 94% used [0x74a40000,0x75967b30,0x75a40000)
}
Event: 20.342 GC heap before
{Heap before GC invocations=7 (full 0):
 PSYoungGen      total 64512K, used 64009K [0xa0f80000, 0xa5b80000, 0xb3240000)
  eden space 55040K, 100% used [0xa0f80000,0xa4540000,0xa4540000)
  from space 9472K, 94% used [0xa4fc0000,0xa5882588,0xa5900000)
  to   space 10752K, 0% used [0xa4540000,0xa4540000,0xa4fc0000)
 ParOldGen       total 37120K, used 17654K [0x7ca40000, 0x7ee80000, 0xa0f80000)
  object space 37120K, 47% used [0x7ca40000,0x7db7db08,0x7ee80000)
 PSPermGen       total 16384K, used 15766K [0x74a40000, 0x75a40000, 0x7ca40000)
  object space 16384K, 96% used [0x74a40000,0x759a5bf0,0x75a40000)
Event: 20.443 GC heap after
Heap after GC invocations=7 (full 0):
 PSYoungGen      total 65792K, used 10737K [0xa0f80000, 0xa9800000, 0xb3240000)
  eden space 55040K, 0% used [0xa0f80000,0xa0f80000,0xa4540000)
  from space 10752K, 99% used [0xa4540000,0xa4fbc760,0xa4fc0000)
  to   space 14848K, 0% used [0xa8980000,0xa8980000,0xa9800000)
 ParOldGen       total 37120K, used 22751K [0x7ca40000, 0x7ee80000, 0xa0f80000)
  object space 37120K, 61% used [0x7ca40000,0x7e077cc0,0x7ee80000)
 PSPermGen       total 16384K, used 15766K [0x74a40000, 0x75a40000, 0x7ca40000)
  object space 16384K, 96% used [0x74a40000,0x759a5bf0,0x75a40000)
}
Event: 146.775 GC heap before
{Heap before GC invocations=8 (full 0):
 PSYoungGen      total 65792K, used 65777K [0xa0f80000, 0xa9800000, 0xb3240000)
  eden space 55040K, 100% used [0xa0f80000,0xa4540000,0xa4540000)
  from space 10752K, 99% used [0xa4540000,0xa4fbc760,0xa4fc0000)
  to   space 14848K, 0% used [0xa8980000,0xa8980000,0xa9800000)
 ParOldGen       total 37120K, used 22751K [0x7ca40000, 0x7ee80000, 0xa0f80000)
  object space 37120K, 61% used [0x7ca40000,0x7e077cc0,0x7ee80000)
 PSPermGen       total 16384K, used 15841K [0x74a40000, 0x75a40000, 0x7ca40000)
  object space 16384K, 96% used [0x74a40000,0x759b8670,0x75a40000)
Event: 146.876 GC heap after
Heap after GC invocations=8 (full 0):
 PSYoungGen      total 121600K, used 14843K [0xa0f80000, 0xa9e80000, 0xb3240000)
  eden space 106752K, 0% used [0xa0f80000,0xa0f80000,0xa77c0000)
  from space 14848K, 99% used [0xa8980000,0xa97fee90,0xa9800000)
  to   space 18176K, 0% used [0xa77c0000,0xa77c0000,0xa8980000)
 ParOldGen       total 37120K, used 25032K [0x7ca40000, 0x7ee80000, 0xa0f80000)
  object space 37120K, 67% used [0x7ca40000,0x7e2b2050,0x7ee80000)
 PSPermGen       total 16384K, used 15841K [0x74a40000, 0x75a40000, 0x7ca40000)
  object space 16384K, 96% used [0x74a40000,0x759b8670,0x75a40000)
}

